<?xml version="1.0" encoding="UTF-8"?>
<testng-results ignored="0" total="1" passed="1" failed="0" skipped="0">
  <reporter-output>
  </reporter-output>
  <suite started-at="2026-05-28T10:50:55 IST" name="Default suite" finished-at="2026-05-28T10:51:14 IST" duration-ms="18516">
    <groups>
      <group name="cucumber">
        <method signature="AbstractTestNGCucumberTests.runScenario(io.cucumber.testng.PickleWrapper,io.cucumber.testng.FeatureWrapper)[pri:0, instance:Runners.Testrunner@13b6aecc]" name="runScenario" class="io.cucumber.testng.AbstractTestNGCucumberTests"/>
      </group> <!-- cucumber -->
    </groups>
    <test started-at="2026-05-28T10:50:55 IST" name="Default test" finished-at="2026-05-28T10:51:14 IST" duration-ms="18516">
      <class name="Runners.Testrunner">
        <test-method is-config="true" signature="setUpClass(org.testng.ITestContext)[pri:0, instance:Runners.Testrunner@13b6aecc]" started-at="2026-05-28T10:50:56 IST" name="setUpClass" finished-at="2026-05-28T10:50:56 IST" duration-ms="409" status="PASS">
          <params>
            <param index="0">
              <value>
                <![CDATA[org.testng.TestRunner@36417a54]]>
              </value>
            </param>
          </params>
          <reporter-output>
          </reporter-output>
        </test-method> <!-- setUpClass -->
        <test-method signature="runScenario(io.cucumber.testng.PickleWrapper,io.cucumber.testng.FeatureWrapper)[pri:0, instance:Runners.Testrunner@13b6aecc]" started-at="2026-05-28T10:50:56 IST" name="runScenario" description="Runs Cucumber Scenarios" data-provider="scenarios" finished-at="2026-05-28T10:51:14 IST" duration-ms="18042" status="PASS">
          <params>
            <param index="0">
              <value>
                <![CDATA["To validate the login functionality"]]>
              </value>
            </param>
            <param index="1">
              <value>
                <![CDATA["Login the User by using mobile number"]]>
              </value>
            </param>
          </params>
          <reporter-output>
          </reporter-output>
        </test-method> <!-- runScenario -->
        <test-method is-config="true" signature="tearDownClass()[pri:0, instance:Runners.Testrunner@13b6aecc]" started-at="2026-05-28T10:51:14 IST" name="tearDownClass" finished-at="2026-05-28T10:51:14 IST" duration-ms="22" status="PASS">
          <reporter-output>
          </reporter-output>
        </test-method> <!-- tearDownClass -->
      </class> <!-- Runners.Testrunner -->
    </test> <!-- Default test -->
  </suite> <!-- Default suite -->
</testng-results>
