<?xml version="1.0" encoding="UTF-8"?>
<testng-results ignored="0" total="6" passed="6" failed="0" skipped="0">
  <reporter-output>
  </reporter-output>
  <suite started-at="2026-05-28T17:15:45 IST" name="Flipkart Test Suite" finished-at="2026-05-28T17:17:01 IST" duration-ms="75635">
    <groups>
      <group name="cucumber">
        <method signature="AbstractTestNGCucumberTests.runScenario(io.cucumber.testng.PickleWrapper,io.cucumber.testng.FeatureWrapper)[pri:0, instance:Runners.Testrunner@13b6aecc]" name="runScenario" class="io.cucumber.testng.AbstractTestNGCucumberTests"/>
      </group> <!-- cucumber -->
    </groups>
    <test started-at="2026-05-28T17:15:45 IST" name="Cucumber Automation Scenarios" finished-at="2026-05-28T17:17:01 IST" duration-ms="75635">
      <class name="Runners.Testrunner">
        <test-method is-config="true" signature="setUpClass(org.testng.ITestContext)[pri:0, instance:Runners.Testrunner@13b6aecc]" started-at="2026-05-28T17:15:45 IST" name="setUpClass" finished-at="2026-05-28T17:15:46 IST" duration-ms="428" status="PASS">
          <params>
            <param index="0">
              <value>
                <![CDATA[org.testng.TestRunner@5dc769f9]]>
              </value>
            </param>
          </params>
          <reporter-output>
          </reporter-output>
        </test-method> <!-- setUpClass -->
        <test-method signature="runScenario(io.cucumber.testng.PickleWrapper,io.cucumber.testng.FeatureWrapper)[pri:0, instance:Runners.Testrunner@13b6aecc]" started-at="2026-05-28T17:15:46 IST" name="runScenario" description="Runs Cucumber Scenarios" data-provider="scenarios" finished-at="2026-05-28T17:15:55 IST" duration-ms="8918" status="PASS">
          <params>
            <param index="0">
              <value>
                <![CDATA["To Validate Search Functionality with multiple products"]]>
              </value>
            </param>
            <param index="1">
              <value>
                <![CDATA["Flipkart Product Search Functionality"]]>
              </value>
            </param>
          </params>
          <reporter-output>
          </reporter-output>
        </test-method> <!-- runScenario -->
        <test-method signature="runScenario(io.cucumber.testng.PickleWrapper,io.cucumber.testng.FeatureWrapper)[pri:0, instance:Runners.Testrunner@13b6aecc]" started-at="2026-05-28T17:15:55 IST" name="runScenario" description="Runs Cucumber Scenarios" data-provider="scenarios" finished-at="2026-05-28T17:16:03 IST" duration-ms="8770" status="PASS">
          <params>
            <param index="0">
              <value>
                <![CDATA["To Validate Search Functionality with multiple products"]]>
              </value>
            </param>
            <param index="1">
              <value>
                <![CDATA["Flipkart Product Search Functionality"]]>
              </value>
            </param>
          </params>
          <reporter-output>
          </reporter-output>
        </test-method> <!-- runScenario -->
        <test-method signature="runScenario(io.cucumber.testng.PickleWrapper,io.cucumber.testng.FeatureWrapper)[pri:0, instance:Runners.Testrunner@13b6aecc]" started-at="2026-05-28T17:16:03 IST" name="runScenario" description="Runs Cucumber Scenarios" data-provider="scenarios" finished-at="2026-05-28T17:16:11 IST" duration-ms="8023" status="PASS">
          <params>
            <param index="0">
              <value>
                <![CDATA["To Validate Search Functionality with multiple products"]]>
              </value>
            </param>
            <param index="1">
              <value>
                <![CDATA["Flipkart Product Search Functionality"]]>
              </value>
            </param>
          </params>
          <reporter-output>
          </reporter-output>
        </test-method> <!-- runScenario -->
        <test-method signature="runScenario(io.cucumber.testng.PickleWrapper,io.cucumber.testng.FeatureWrapper)[pri:0, instance:Runners.Testrunner@13b6aecc]" started-at="2026-05-28T17:16:11 IST" name="runScenario" description="Runs Cucumber Scenarios" data-provider="scenarios" finished-at="2026-05-28T17:16:24 IST" duration-ms="12806" status="PASS">
          <params>
            <param index="0">
              <value>
                <![CDATA["To validate the Buy now functionality"]]>
              </value>
            </param>
            <param index="1">
              <value>
                <![CDATA["select the product and click on Buy Now Button"]]>
              </value>
            </param>
          </params>
          <reporter-output>
          </reporter-output>
        </test-method> <!-- runScenario -->
        <test-method signature="runScenario(io.cucumber.testng.PickleWrapper,io.cucumber.testng.FeatureWrapper)[pri:0, instance:Runners.Testrunner@13b6aecc]" started-at="2026-05-28T17:16:24 IST" name="runScenario" description="Runs Cucumber Scenarios" data-provider="scenarios" finished-at="2026-05-28T17:16:43 IST" duration-ms="18824" status="PASS">
          <params>
            <param index="0">
              <value>
                <![CDATA["To validate the login functionality"]]>
              </value>
            </param>
            <param index="1">
              <value>
                <![CDATA["Login the User by using mobile number"]]>
              </value>
            </param>
          </params>
          <reporter-output>
          </reporter-output>
        </test-method> <!-- runScenario -->
        <test-method signature="runScenario(io.cucumber.testng.PickleWrapper,io.cucumber.testng.FeatureWrapper)[pri:0, instance:Runners.Testrunner@13b6aecc]" started-at="2026-05-28T17:16:43 IST" name="runScenario" description="Runs Cucumber Scenarios" data-provider="scenarios" finished-at="2026-05-28T17:17:01 IST" duration-ms="17795" status="PASS">
          <params>
            <param index="0">
              <value>
                <![CDATA["To validate the login functionality with Invalid numbers"]]>
              </value>
            </param>
            <param index="1">
              <value>
                <![CDATA["Login the User by using Invalid mobile number"]]>
              </value>
            </param>
          </params>
          <reporter-output>
          </reporter-output>
        </test-method> <!-- runScenario -->
        <test-method is-config="true" signature="tearDownClass()[pri:0, instance:Runners.Testrunner@13b6aecc]" started-at="2026-05-28T17:17:01 IST" name="tearDownClass" finished-at="2026-05-28T17:17:01 IST" duration-ms="29" status="PASS">
          <reporter-output>
          </reporter-output>
        </test-method> <!-- tearDownClass -->
      </class> <!-- Runners.Testrunner -->
    </test> <!-- Cucumber Automation Scenarios -->
  </suite> <!-- Flipkart Test Suite -->
</testng-results>
