<?xml version="1.0" encoding="UTF-8"?>
<!-- Generated by org.testng.reporters.JUnitReportReporter -->
<testsuite hostname="LAPTOP-AUJT94P8" failures="0" tests="6" name="Runners.Testrunner" time="75.136" errors="0" timestamp="2026-05-28T17:17:01 IST" skipped="0">
  <testcase classname="Runners.Testrunner" name="runScenario" time="17.795"/>
  <testcase classname="Runners.Testrunner" name="runScenario" time="8.918"/>
  <testcase classname="Runners.Testrunner" name="runScenario" time="8.023"/>
  <testcase classname="Runners.Testrunner" name="runScenario" time="12.806"/>
  <testcase classname="Runners.Testrunner" name="runScenario" time="18.824"/>
  <testcase classname="Runners.Testrunner" name="runScenario" time="8.770"/>
</testsuite> <!-- Runners.Testrunner -->
